<?xml version="1.0" encoding="UTF-8"?>
<testsuite name="com.csc.TestFuzzyFinder" tests="5" skipped="0" failures="0" errors="0" timestamp="2024-10-29T17:19:43" hostname="Melissas-MacBook-Pro.local" time="0.012">
  <properties/>
  <testcase name="testLinearSearchRandom()" classname="com.csc.TestFuzzyFinder" time="0.007"/>
  <testcase name="testLinearSearchSorted()" classname="com.csc.TestFuzzyFinder" time="0.001"/>
  <testcase name="testBinarySearchRandom()" classname="com.csc.TestFuzzyFinder" time="0.001"/>
  <testcase name="testBinarySearchSorted()" classname="com.csc.TestFuzzyFinder" time="0.0"/>
  <testcase name="exampleFailingTestWithRandomizedFuzzies()" classname="com.csc.TestFuzzyFinder" time="0.001"/>
  <system-out><![CDATA[]]></system-out>
  <system-err><![CDATA[]]></system-err>
</testsuite>
